0 info it worked if it ends with ok
1 verbose cli [ '/home/ubuntu/.nvm/versions/node/v4.6.1/bin/node',
1 verbose cli   '/home/ubuntu/.nvm/versions/node/v4.6.1/bin/npm',
1 verbose cli   'install',
1 verbose cli   'thourgh2-map' ]
2 info using npm@2.0.0
3 info using node@v4.6.1
4 warn package.json chat-example@0.0.0 No repository field.
5 verbose readDependencies using package.json deps
6 verbose cache add [ 'thourgh2-map', null ]
7 verbose cache add spec="thourgh2-map" args=["thourgh2-map",null]
8 verbose parsed spec Result {
8 verbose parsed spec   raw: 'thourgh2-map',
8 verbose parsed spec   scope: null,
8 verbose parsed spec   name: 'thourgh2-map',
8 verbose parsed spec   rawSpec: '',
8 verbose parsed spec   spec: '*',
8 verbose parsed spec   type: 'range' }
9 verbose parsed spec Result {
9 verbose parsed spec   raw: 'thourgh2-map',
9 verbose parsed spec   scope: null,
9 verbose parsed spec   name: 'thourgh2-map',
9 verbose parsed spec   rawSpec: '',
9 verbose parsed spec   spec: '*',
9 verbose parsed spec   type: 'range' }
10 verbose addNamed [ 'thourgh2-map', '*' ]
11 verbose addNamed [ null, '*' ]
12 silly lockFile e8e83a25-thourgh2-map thourgh2-map@*
13 verbose lock thourgh2-map@* /home/ubuntu/.npm/e8e83a25-thourgh2-map.lock
14 silly addNameRange { name: 'thourgh2-map', range: '*', hasData: false }
15 verbose mapToRegistry name thourgh2-map
16 verbose mapToRegistry uri https://registry.npmjs.org/thourgh2-map
17 verbose request on initialization, where is /thourgh2-map
18 verbose request after pass 1, where is /thourgh2-map
19 verbose request url raw /thourgh2-map
20 verbose request resolving registry [ 'https://registry.npmjs.org/', './thourgh2-map' ]
21 verbose request after pass 2, where is https://registry.npmjs.org/thourgh2-map
22 verbose request no auth needed
23 info attempt registry request try #1 at 7:53:50 AM
24 verbose request using bearer token for auth
25 verbose request id 052c108a9c1ee4ed
26 http request GET https://registry.npmjs.org/thourgh2-map
27 http 404 https://registry.npmjs.org/thourgh2-map
28 silly registry.get cb [ 404,
28 silly registry.get   { 'content-type': 'application/json',
28 silly registry.get     'cache-control': 'max-age=0',
28 silly registry.get     'content-length': '2',
28 silly registry.get     'accept-ranges': 'bytes',
28 silly registry.get     date: 'Fri, 17 Feb 2017 07:53:50 GMT',
28 silly registry.get     via: '1.1 varnish',
28 silly registry.get     connection: 'close',
28 silly registry.get     'x-served-by': 'cache-ord1747-ORD',
28 silly registry.get     'x-cache': 'MISS',
28 silly registry.get     'x-cache-hits': '0',
28 silly registry.get     'x-timer': 'S1487318030.370144,VS0,VE246',
28 silly registry.get     vary: 'Accept-Encoding' } ]
29 silly lockFile e8e83a25-thourgh2-map thourgh2-map@*
30 silly lockFile e8e83a25-thourgh2-map thourgh2-map@*
31 verbose stack Error: Not Found
31 verbose stack     at errorResponse (/home/ubuntu/.nvm/versions/node/v4.6.1/lib/node_modules/npm/lib/cache/add-named.js:267:10)
31 verbose stack     at setData (/home/ubuntu/.nvm/versions/node/v4.6.1/lib/node_modules/npm/lib/cache/add-named.js:210:12)
31 verbose stack     at saved (/home/ubuntu/.nvm/versions/node/v4.6.1/lib/node_modules/npm/node_modules/npm-registry-client/lib/get.js:167:7)
31 verbose stack     at FSReqWrap.oncomplete (fs.js:82:15)
32 verbose statusCode 404
33 verbose pkgid thourgh2-map
34 verbose cwd /home/ubuntu/workspace
35 error Linux 4.8.8-c9
36 error argv "/home/ubuntu/.nvm/versions/node/v4.6.1/bin/node" "/home/ubuntu/.nvm/versions/node/v4.6.1/bin/npm" "install" "thourgh2-map"
37 error node v4.6.1
38 error npm  v2.0.0
39 error code E404
40 error 404 Not Found
40 error 404
40 error 404 'thourgh2-map' is not in the npm registry.
40 error 404 You should bug the author to publish it (or use the name yourself!)
40 error 404 It was specified as a dependency of 'chat-example'
40 error 404
40 error 404 Note that you can also install from a
40 error 404 tarball, folder, http url, or git url.
41 verbose exit [ 1, true ]
